2022-07-08T11:15:12.4230328 500 : [{"timestamp":"2022-07-08T15:15:12.407+00:00","status":500,"error":"Internal Server Error","message":"Cannot invoke \"org.springframework.jdbc.core.JdbcTemplate.update(String, Object[])\" because \"this.jdbcTemplate\" is null","path":"/transfers"}]
2022-07-08T11:18:50.9625129 500 : [{"timestamp":"2022-07-08T15:18:50.956+00:00","status":500,"error":"Internal Server Error","message":"No DataSource set","path":"/transfers"}]
2022-07-08T11:27:09.2128761 500 : [{"timestamp":"2022-07-08T15:27:09.177+00:00","status":500,"error":"Internal Server Error","message":"PreparedStatementCallback; bad SQL grammar [INSERT INTO transfer(transfer_id, transfer_type_id, tra... (443 bytes)]
2022-07-08T11:27:26.7099465 500 : [{"timestamp":"2022-07-08T15:27:26.709+00:00","status":500,"error":"Internal Server Error","message":"PreparedStatementCallback; bad SQL grammar [INSERT INTO transfer(transfer_id, transfer_type_id, tra... (443 bytes)]
2022-07-08T11:27:56.0354109 500 : [{"timestamp":"2022-07-08T15:27:55.999+00:00","status":500,"error":"Internal Server Error","message":"PreparedStatementCallback; SQL [INSERT INTO transfer(transfer_id, transfer_type_id, transfer_status... (703 bytes)]
2022-07-08T11:31:07.3057928 500 : [{"timestamp":"2022-07-08T15:31:07.305+00:00","status":500,"error":"Internal Server Error","message":"PreparedStatementCallback; SQL [INSERT INTO transfer(transfer_id, transfer_type_id, transfer_status... (679 bytes)]
2022-07-08T11:52:01.873829 405 : [{"timestamp":"2022-07-08T15:52:01.844+00:00","status":405,"error":"Method Not Allowed","message":"Request method 'POST' not supported","path":"/accounts/transfers"}]
2022-07-08T11:52:16.0439593 405 : [{"timestamp":"2022-07-08T15:52:16.028+00:00","status":405,"error":"Method Not Allowed","message":"Request method 'POST' not supported","path":"/accounts/transfers"}]
2022-07-08T12:01:33.4526807 I/O error on GET request for "http://localhost:8080/accounts/transfers": Connection refused: connect; nested exception is java.net.ConnectException: Connection refused: connect
2022-07-08T12:01:52.5653983 I/O error on POST request for "http://localhost:8080/login": Connection refused: connect; nested exception is java.net.ConnectException: Connection refused: connect
2022-07-08T12:01:55.8904277 I/O error on POST request for "http://localhost:8080/login": Connection refused: connect; nested exception is java.net.ConnectException: Connection refused: connect
2022-07-08T12:02:08.568963 I/O error on POST request for "http://localhost:8080/login": Connection refused: connect; nested exception is java.net.ConnectException: Connection refused: connect
2022-07-08T12:02:22.6888853 I/O error on POST request for "http://localhost:8080/login": Connection refused: connect; nested exception is java.net.ConnectException: Connection refused: connect
2022-07-08T12:28:47.2850068 500 : [{"timestamp":"2022-07-08T16:28:47.254+00:00","status":500,"error":"Internal Server Error","message":"PreparedStatementCallback; bad SQL grammar [SELECT * FROM transfer JOIN account ON transfer.account... (453 bytes)]
2022-07-08T12:35:24.6121578 500 : [{"timestamp":"2022-07-08T16:35:24.593+00:00","status":500,"error":"Internal Server Error","message":"PreparedStatementCallback; SQL [INSERT INTO transfer(transfer_id, transfer_type_id, transfer_status... (669 bytes)]
2022-07-08T14:17:27.156284 500 : [{"timestamp":"2022-07-08T18:17:27.123+00:00","status":500,"error":"Internal Server Error","message":"PreparedStatementCallback; SQL [SELECT transfer_id, transfer_type_desc, transfer_status.transfer_st... (884 bytes)]
2022-07-08T14:17:29.2971108 500 : [{"timestamp":"2022-07-08T18:17:29.297+00:00","status":500,"error":"Internal Server Error","message":"PreparedStatementCallback; SQL [SELECT transfer_id, transfer_type_desc, transfer_status.transfer_st... (884 bytes)]
2022-07-08T14:20:22.5792489 500 : [{"timestamp":"2022-07-08T18:20:22.547+00:00","status":500,"error":"Internal Server Error","message":"PreparedStatementCallback; bad SQL grammar [SELECT transfer_id, transfer_type_desc, transfer_status... (884 bytes)]
2022-07-08T14:22:50.9456458 500 : [{"timestamp":"2022-07-08T18:22:50.902+00:00","status":500,"error":"Internal Server Error","message":"PreparedStatementCallback; bad SQL grammar [SELECT transfer_id, transfer_type_desc, transfer_status... (891 bytes)]
2022-07-08T14:23:34.2421359 500 : [{"timestamp":"2022-07-08T18:23:34.198+00:00","status":500,"error":"Internal Server Error","message":"Invalid column name; nested exception is java.sql.SQLException: Invalid column name","path":"/transfers"}]
2022-07-08T14:25:44.7062557 500 : [{"timestamp":"2022-07-08T18:25:44.615+00:00","status":500,"error":"Internal Server Error","message":"Invalid column name; nested exception is java.sql.SQLException: Invalid column name","path":"/transfers"}]
2022-07-08T14:27:01.0005964 500 : [{"timestamp":"2022-07-08T18:27:00.967+00:00","status":500,"error":"Internal Server Error","message":"Invalid column name; nested exception is java.sql.SQLException: Invalid column name","path":"/transfers"}]
2022-07-08T14:30:50.1265759 401 : [no body]
2022-07-08T14:30:59.4857666 500 : [{"timestamp":"2022-07-08T18:30:59.477+00:00","status":500,"error":"Internal Server Error","message":"Invalid column name; nested exception is java.sql.SQLException: Invalid column name","path":"/transfers"}]
2022-07-08T14:33:27.6250105 500 : [{"timestamp":"2022-07-08T18:33:27.625+00:00","status":500,"error":"Internal Server Error","message":"Invalid column name; nested exception is java.sql.SQLException: Invalid column name","path":"/transfers"}]
2022-07-08T14:33:30.4073595 500 : [{"timestamp":"2022-07-08T18:33:30.407+00:00","status":500,"error":"Internal Server Error","message":"Invalid column name; nested exception is java.sql.SQLException: Invalid column name","path":"/transfers"}]
2022-07-08T14:35:07.1664029 500 : [{"timestamp":"2022-07-08T18:35:07.117+00:00","status":500,"error":"Internal Server Error","message":"Invalid column name; nested exception is java.sql.SQLException: Invalid column name","path":"/transfers"}]
2022-07-08T14:39:39.1822231 500 : [{"timestamp":"2022-07-08T18:39:39.166+00:00","status":500,"error":"Internal Server Error","message":"Invalid column name; nested exception is java.sql.SQLException: Invalid column name","path":"/transfers"}]
2022-07-08T14:43:55.2345243 500 : [{"timestamp":"2022-07-08T18:43:55.203+00:00","status":500,"error":"Internal Server Error","message":"PreparedStatementCallback; bad SQL grammar [SELECT transfer_id, transfer.transfer_type_id, transfer... (974 bytes)]
2022-07-08T14:44:33.4786732 500 : [{"timestamp":"2022-07-08T18:44:33.431+00:00","status":500,"error":"Internal Server Error","message":"PreparedStatementCallback; bad SQL grammar [SELECT transfer_id, transfer.transfer_type_id, transfer... (951 bytes)]
2022-07-08T14:45:12.3720353 500 : [{"timestamp":"2022-07-08T18:45:12.323+00:00","status":500,"error":"Internal Server Error","message":"Invalid column name; nested exception is java.sql.SQLException: Invalid column name","path":"/transfers"}]
2022-07-08T14:45:58.2460315 500 : [{"timestamp":"2022-07-08T18:45:58.212+00:00","status":500,"error":"Internal Server Error","message":"Invalid column name; nested exception is java.sql.SQLException: Invalid column name","path":"/transfers"}]
